2023-03-27 16:23:28,003 [NonParallelWorker] INFO  TrelloTestAutomation.Tests - Testing UI function TestUIInviteMemberToBoardViaEmail Started
2023-03-27 16:23:32,645 [NonParallelWorker] DEBUG TrelloTestAutomation.Tests - Authenticate with User 1: nhajallie@hotmail.com
2023-03-27 16:23:38,406 [NonParallelWorker] DEBUG TrelloTestAutomation.Tests - Check if Board: TestBoard is available
2023-03-27 16:23:47,498 [NonParallelWorker] DEBUG TrelloTestAutomation.Tests - Click on the Board Created: TestBoard
2023-03-27 16:23:52,762 [NonParallelWorker] DEBUG TrelloTestAutomation.Tests - Click on Share button to invite User 2: nourhajallie2@gmail.com
2023-03-27 16:23:57,821 [NonParallelWorker] DEBUG TrelloTestAutomation.Tests - Invite user 2 nourhajallie2@gmail.com to join the board
2023-03-27 16:24:03,144 [NonParallelWorker] DEBUG TrelloTestAutomation.Tests - Check if user 2 is invited
2023-03-27 16:24:08,165 [NonParallelWorker] DEBUG TrelloTestAutomation.Tests - User 2: nourhajallie2@gmail.com is invited to joint the board
2023-03-27 16:24:12,098 [NonParallelWorker] DEBUG TrelloTestAutomation.Tests - Authenticate with User 2: nourhajallie2@gmail.com
2023-03-27 16:24:17,413 [NonParallelWorker] DEBUG TrelloTestAutomation.Tests - Click on Notification button
2023-03-27 16:24:27,475 [NonParallelWorker] DEBUG TrelloTestAutomation.Tests - Check if the notification is displayed
2023-03-27 16:24:32,525 [NonParallelWorker] DEBUG TrelloTestAutomation.Tests - Notification Content is displayed: Added you to the board TestBoard a few seconds ago
2023-03-27 16:24:34,247 [NonParallelWorker] INFO  TrelloTestAutomation.Tests - Testing function TestUIDeleteBoard Started
2023-03-27 16:24:38,108 [NonParallelWorker] DEBUG TrelloTestAutomation.Tests - Authenticate with User 1: nhajallie@hotmail.com
2023-03-27 16:24:43,429 [NonParallelWorker] DEBUG TrelloTestAutomation.Tests - Check if Board: TestBoard is available
2023-03-27 16:24:48,460 [NonParallelWorker] ERROR TrelloTestAutomation.Tests - Board with TestBoard name is not found
2023-03-27 16:24:49,618 [NonParallelWorker] INFO  TrelloTestAutomation.Tests - Testing API function TestAPIInviteMemberToBoardViaEmail Started
2023-03-27 16:24:49,737 [NonParallelWorker] INFO  TrelloTestAutomation.Tests - Call Get Boards by member api to store the board id
2023-03-27 16:24:49,739 [NonParallelWorker] INFO  TrelloTestAutomation.BackendAPI.TrelloApi - Running Get /1/boards/{id} trello request to Delete a Board.
2023-03-27 16:24:51,119 [NonParallelWorker] INFO  TrelloTestAutomation.BackendAPI.TrelloApi - Execute the request and getting the response deserialized
2023-03-27 16:24:51,119 [NonParallelWorker] INFO  TrelloTestAutomation.BackendAPI.TrelloApi - API call successful
2023-03-27 16:24:51,147 [NonParallelWorker] INFO  TrelloTestAutomation.Tests - Board Id found: 642198bd58f16cb1b016f222
2023-03-27 16:24:51,147 [NonParallelWorker] INFO  TrelloTestAutomation.Tests - Calling api function to Get Memberships of a Board before any invitation is done
2023-03-27 16:24:51,147 [NonParallelWorker] INFO  TrelloTestAutomation.BackendAPI.TrelloApi - Running Get /1/boards/{id}/memberships trello request to Get Memberships of a Board.
2023-03-27 16:24:51,147 [NonParallelWorker] INFO  TrelloTestAutomation.BackendAPI.TrelloApi - Call Execute function with the request defined
2023-03-27 16:24:51,379 [NonParallelWorker] INFO  TrelloTestAutomation.BackendAPI.TrelloApi - Execute the request and getting the response deserialized
2023-03-27 16:24:51,379 [NonParallelWorker] INFO  TrelloTestAutomation.BackendAPI.TrelloApi - API call successful
2023-03-27 16:24:51,379 [NonParallelWorker] INFO  TrelloTestAutomation.Tests - Calling api function to Invite a Member to a Board via their email address
2023-03-27 16:24:51,379 [NonParallelWorker] INFO  TrelloTestAutomation.BackendAPI.TrelloApi - Running PUT /1/boards/{id}/members trello request to Invite a Member to a Board via their email address.
2023-03-27 16:24:51,379 [NonParallelWorker] INFO  TrelloTestAutomation.BackendAPI.TrelloApi - Call Execute function with the request defined
2023-03-27 16:24:52,229 [NonParallelWorker] INFO  TrelloTestAutomation.BackendAPI.TrelloApi - Execute the request and getting the response deserialized
2023-03-27 16:24:52,229 [NonParallelWorker] INFO  TrelloTestAutomation.BackendAPI.TrelloApi - API call successful
2023-03-27 16:24:52,235 [NonParallelWorker] INFO  TrelloTestAutomation.Tests - Calling api function to Get Memberships of a Board after invitation was done
2023-03-27 16:24:52,236 [NonParallelWorker] INFO  TrelloTestAutomation.BackendAPI.TrelloApi - Running Get /1/boards/{id}/memberships trello request to Get Memberships of a Board.
2023-03-27 16:24:52,236 [NonParallelWorker] INFO  TrelloTestAutomation.BackendAPI.TrelloApi - Call Execute function with the request defined
2023-03-27 16:24:52,505 [NonParallelWorker] INFO  TrelloTestAutomation.BackendAPI.TrelloApi - Execute the request and getting the response deserialized
2023-03-27 16:24:52,505 [NonParallelWorker] INFO  TrelloTestAutomation.BackendAPI.TrelloApi - API call successful
2023-03-27 16:24:52,524 [NonParallelWorker] INFO  TrelloTestAutomation.Tests - New member 6419ba316e4f3309bf6116bc (normal) has been added to the board
2023-03-27 16:24:53,903 [NonParallelWorker] INFO  TrelloTestAutomation.Tests - Testing API function TestAPIDeleteBoard Started
2023-03-27 16:24:53,906 [NonParallelWorker] INFO  TrelloTestAutomation.Tests - Call Get Boards by member api to store the board id
2023-03-27 16:24:53,906 [NonParallelWorker] INFO  TrelloTestAutomation.BackendAPI.TrelloApi - Running Get /1/boards/{id} trello request to Delete a Board.
2023-03-27 16:24:54,402 [NonParallelWorker] INFO  TrelloTestAutomation.BackendAPI.TrelloApi - Execute the request and getting the response deserialized
2023-03-27 16:24:54,402 [NonParallelWorker] INFO  TrelloTestAutomation.BackendAPI.TrelloApi - API call successful
2023-03-27 16:24:54,403 [NonParallelWorker] INFO  TrelloTestAutomation.Tests - Board Id found: 642198bd58f16cb1b016f222
2023-03-27 16:24:54,403 [NonParallelWorker] INFO  TrelloTestAutomation.Tests - Calling api function to delete a board
2023-03-27 16:24:54,403 [NonParallelWorker] INFO  TrelloTestAutomation.BackendAPI.TrelloApi - Running Get /1/boards/{id} trello request to Delete a Board.
2023-03-27 16:24:55,925 [NonParallelWorker] INFO  TrelloTestAutomation.Tests - Board with name TestBoard2 and id 642198bd58f16cb1b016f222 is deleted
