2023-03-27 10:28:27,175 [NonParallelWorker] INFO  TrelloTestAutomation.Tests - Testing UI function TestUIInviteMemberToBoardViaEmail Started
2023-03-27 10:28:28,617 [NonParallelWorker] DEBUG TrelloTestAutomation.Tests - Authenticate with User 1: nhajallie@hotmail.com
2023-03-27 10:28:33,926 [NonParallelWorker] DEBUG TrelloTestAutomation.Tests - Check if Board: TestBoard is available
2023-03-27 10:28:38,948 [NonParallelWorker] ERROR TrelloTestAutomation.Tests - Board with TestBoard name is not found
2023-03-27 10:28:40,041 [NonParallelWorker] INFO  TrelloTestAutomation.Tests - Testing function TestUIDeleteBoard Started
2023-03-27 10:28:41,646 [NonParallelWorker] DEBUG TrelloTestAutomation.Tests - Authenticate with User 1: nhajallie@hotmail.com
2023-03-27 10:28:46,938 [NonParallelWorker] DEBUG TrelloTestAutomation.Tests - Check if Board: TestBoard is available
2023-03-27 10:28:53,028 [NonParallelWorker] DEBUG TrelloTestAutomation.Tests - Click on the Board Created: TestBoard
2023-03-27 10:28:58,264 [NonParallelWorker] DEBUG TrelloTestAutomation.Tests - Click on 3 dots to close the board
2023-03-27 10:29:13,795 [NonParallelWorker] DEBUG TrelloTestAutomation.Tests - Check if board is closed successfully
2023-03-27 10:29:18,811 [NonParallelWorker] DEBUG TrelloTestAutomation.Tests - Board is closed successfully
2023-03-27 10:29:18,811 [NonParallelWorker] DEBUG TrelloTestAutomation.Tests - Delete the board
2023-03-27 10:29:23,907 [NonParallelWorker] DEBUG TrelloTestAutomation.Tests - Board Deleted successfully
2023-03-27 10:29:25,090 [NonParallelWorker] INFO  TrelloTestAutomation.Tests - Testing API function TestAPIInviteMemberToBoardViaEmail Started
2023-03-27 10:29:25,190 [NonParallelWorker] INFO  TrelloTestAutomation.Tests - Call Get Boards by member api to store the board id
2023-03-27 10:29:25,192 [NonParallelWorker] INFO  TrelloTestAutomation.BackendAPI.TrelloApi - Running Get /1/boards/{id} trello request to Delete a Board.
2023-03-27 10:29:25,779 [NonParallelWorker] INFO  TrelloTestAutomation.BackendAPI.TrelloApi - Execute the request and getting the response deserialized
2023-03-27 10:29:25,779 [NonParallelWorker] INFO  TrelloTestAutomation.BackendAPI.TrelloApi - API call successful
2023-03-27 10:29:25,800 [NonParallelWorker] INFO  TrelloTestAutomation.Tests - Board Id found: 6420af703c002d807866fd6b
2023-03-27 10:29:25,801 [NonParallelWorker] INFO  TrelloTestAutomation.Tests - Calling api function to Get Memberships of a Board before any invitation is done
2023-03-27 10:29:25,801 [NonParallelWorker] INFO  TrelloTestAutomation.BackendAPI.TrelloApi - Running Get /1/boards/{id}/memberships trello request to Get Memberships of a Board.
2023-03-27 10:29:25,801 [NonParallelWorker] INFO  TrelloTestAutomation.BackendAPI.TrelloApi - Call Execute function with the request defined
2023-03-27 10:29:26,025 [NonParallelWorker] INFO  TrelloTestAutomation.BackendAPI.TrelloApi - Execute the request and getting the response deserialized
2023-03-27 10:29:26,025 [NonParallelWorker] INFO  TrelloTestAutomation.BackendAPI.TrelloApi - API call successful
2023-03-27 10:29:26,025 [NonParallelWorker] INFO  TrelloTestAutomation.Tests - Calling api function to Invite a Member to a Board via their email address
2023-03-27 10:29:26,025 [NonParallelWorker] INFO  TrelloTestAutomation.BackendAPI.TrelloApi - Running PUT /1/boards/{id}/members trello request to Invite a Member to a Board via their email address.
2023-03-27 10:29:26,025 [NonParallelWorker] INFO  TrelloTestAutomation.BackendAPI.TrelloApi - Call Execute function with the request defined
2023-03-27 10:29:26,784 [NonParallelWorker] INFO  TrelloTestAutomation.BackendAPI.TrelloApi - Execute the request and getting the response deserialized
2023-03-27 10:29:26,784 [NonParallelWorker] INFO  TrelloTestAutomation.BackendAPI.TrelloApi - API call successful
2023-03-27 10:29:26,788 [NonParallelWorker] INFO  TrelloTestAutomation.Tests - Calling api function to Get Memberships of a Board after invitation was done
2023-03-27 10:29:26,788 [NonParallelWorker] INFO  TrelloTestAutomation.BackendAPI.TrelloApi - Running Get /1/boards/{id}/memberships trello request to Get Memberships of a Board.
2023-03-27 10:29:26,788 [NonParallelWorker] INFO  TrelloTestAutomation.BackendAPI.TrelloApi - Call Execute function with the request defined
2023-03-27 10:29:27,003 [NonParallelWorker] INFO  TrelloTestAutomation.BackendAPI.TrelloApi - Execute the request and getting the response deserialized
2023-03-27 10:29:27,003 [NonParallelWorker] INFO  TrelloTestAutomation.BackendAPI.TrelloApi - API call successful
2023-03-27 10:29:27,008 [NonParallelWorker] INFO  TrelloTestAutomation.Tests - New member 6419ba316e4f3309bf6116bc (normal) has been added to the board
2023-03-27 10:29:28,007 [NonParallelWorker] INFO  TrelloTestAutomation.Tests - Testing API function TestAPIDeleteBoard Started
2023-03-27 10:29:28,009 [NonParallelWorker] INFO  TrelloTestAutomation.Tests - Call Get Boards by member api to store the board id
2023-03-27 10:29:28,009 [NonParallelWorker] INFO  TrelloTestAutomation.BackendAPI.TrelloApi - Running Get /1/boards/{id} trello request to Delete a Board.
2023-03-27 10:29:28,449 [NonParallelWorker] INFO  TrelloTestAutomation.BackendAPI.TrelloApi - Execute the request and getting the response deserialized
2023-03-27 10:29:28,449 [NonParallelWorker] INFO  TrelloTestAutomation.BackendAPI.TrelloApi - API call successful
2023-03-27 10:29:28,451 [NonParallelWorker] INFO  TrelloTestAutomation.Tests - Board Id found: 6420af703c002d807866fd6b
2023-03-27 10:29:28,451 [NonParallelWorker] INFO  TrelloTestAutomation.Tests - Calling api function to delete a board
2023-03-27 10:29:28,451 [NonParallelWorker] INFO  TrelloTestAutomation.BackendAPI.TrelloApi - Running Get /1/boards/{id} trello request to Delete a Board.
2023-03-27 10:29:30,003 [NonParallelWorker] INFO  TrelloTestAutomation.Tests - Board with name TestBoard2 and id 6420af703c002d807866fd6b is deleted
2023-03-27 10:31:52,472 [NonParallelWorker] INFO  TrelloTestAutomation.Tests - Testing UI function TestUIInviteMemberToBoardViaEmail Started
2023-03-27 10:31:53,983 [NonParallelWorker] DEBUG TrelloTestAutomation.Tests - Authenticate with User 1: nhajallie@hotmail.com
2023-03-27 10:31:59,298 [NonParallelWorker] DEBUG TrelloTestAutomation.Tests - Check if Board: TestBoard is available
2023-03-27 10:32:04,338 [NonParallelWorker] ERROR TrelloTestAutomation.Tests - Board with TestBoard name is not found
2023-03-27 10:33:30,138 [16] INFO  TrelloTestAutomation.Tests - Testing UI function TestUIInviteMemberToBoardViaEmail Started
2023-03-27 10:33:32,016 [16] DEBUG TrelloTestAutomation.Tests - Authenticate with User 1: nhajallie@hotmail.com
2023-03-27 10:33:38,285 [16] DEBUG TrelloTestAutomation.Tests - Check if Board: TestBoard is available
2023-03-27 10:34:20,117 [16] DEBUG TrelloTestAutomation.Tests - Click on the Board Created: TestBoard
2023-03-27 10:34:25,477 [16] DEBUG TrelloTestAutomation.Tests - Click on Share button to invite User 2: nourhajallie2@gmail.com
2023-03-27 10:34:30,653 [16] DEBUG TrelloTestAutomation.Tests - Invite user 2 nourhajallie2@gmail.com to join the board
2023-03-27 10:34:35,974 [16] DEBUG TrelloTestAutomation.Tests - Check if user 2 is invited
2023-03-27 10:34:41,002 [16] DEBUG TrelloTestAutomation.Tests - User 2: nourhajallie2@gmail.com is invited to joint the board
2023-03-27 10:34:44,147 [16] DEBUG TrelloTestAutomation.Tests - Authenticate with User 2: nourhajallie2@gmail.com
2023-03-27 10:34:49,548 [16] DEBUG TrelloTestAutomation.Tests - Click on Notification button
2023-03-27 10:34:57,056 [16] DEBUG TrelloTestAutomation.Tests - Check if the notification is displayed
2023-03-27 10:35:02,109 [16] DEBUG TrelloTestAutomation.Tests - Notification Content is displayed: Added you to the board TestBoard a few seconds ago
2023-03-27 10:37:06,769 [16] INFO  TrelloTestAutomation.Tests - Testing UI function TestUIInviteMemberToBoardViaEmail Started
2023-03-27 10:37:08,527 [16] DEBUG TrelloTestAutomation.Tests - Authenticate with User 1: nhajallie@hotmail.com
2023-03-27 10:37:13,979 [16] DEBUG TrelloTestAutomation.Tests - Check if Board: TestBoard is available
2023-03-27 10:37:38,742 [16] DEBUG TrelloTestAutomation.Tests - Click on the Board Created: TestBoard
2023-03-27 10:37:43,970 [16] DEBUG TrelloTestAutomation.Tests - Click on Share button to invite User 2: nourhajallie2@gmail.com
2023-03-27 10:37:49,099 [16] DEBUG TrelloTestAutomation.Tests - Invite user 2 nourhajallie2@gmail.com to join the board
2023-03-27 10:37:54,408 [16] DEBUG TrelloTestAutomation.Tests - Check if user 2 is invited
2023-03-27 10:37:59,429 [16] DEBUG TrelloTestAutomation.Tests - User 2: nourhajallie2@gmail.com is invited to joint the board
2023-03-27 10:38:02,339 [16] DEBUG TrelloTestAutomation.Tests - Authenticate with User 2: nourhajallie2@gmail.com
2023-03-27 10:38:07,722 [16] DEBUG TrelloTestAutomation.Tests - Click on Notification button
2023-03-27 10:38:15,910 [16] DEBUG TrelloTestAutomation.Tests - Check if the notification is displayed
2023-03-27 10:38:20,953 [16] DEBUG TrelloTestAutomation.Tests - Notification Content is displayed: Added you to the board TestBoard a few seconds ago
